2013-02-05 12:46:46,806 [1] DEBUG Spring.Data.Common.DbProviderFactory - Loading additional DbProviders from assembly://NSH.Repository/NSH.Repository/SQLite1081.xml

2013-02-05 12:46:46,868 [1] INFO  Spring.Data.Common.DbProviderFactory - 47 DbProviders Available. [SqlServer-1.1,SqlServer-2.0,SqlServer-4.0,SqlServerCe-3.1,SqlServerCe-3.5.1,OleDb-1.1,OleDb-2.0,OleDb-4.0,OracleClient-2.0,OracleODP-2.0,OracleODP-11-2.0,MySql,MySql-1.0.9,MySql-5.0,MySql-5.0.8.1,MySql-5.1,MySql-5.1.4,MySql-5.2.3,MySql-6.1.3,MySql-6.2.2,Npgsql-1.0,Npgsql-2.0-beta1,Npgsql-2.0,DB2-9.0.0-1.1,DB2-9.0.0-2.0,DB2-9.1.0-1.1,DB2-9.1.0.2,iDB2-10.0.0.0,SQLite-1.0.43,SQLite-1.0.44,SQLite-1.0.47,SQLite-1.0.56,SQLite-1.0.65,SQLite-1.0.66,SQLite-1.0.72,Firebird-2.1,SybaseAse-12,SybaseAse-15,SybaseAse-AdoNet2,IfxOdbc,IfxSQLI-3.0.0.2,IfxDRDA-9.0.0.2,Odbc-1.1,Odbc-2.0,Odbc-4.0,Cache-2.0.0.1,SQLite-1.0.81]

2013-02-05 12:46:48,493 [1] INFO  Spring.Data.NHibernate.LocalSessionFactoryObject - Setting proxy factory to Spring provided one as user did not specify any

2013-02-05 12:46:48,884 [1] INFO  Spring.Data.NHibernate.LocalSessionFactoryObject - Building new Hibernate SessionFactory

2013-02-05 12:46:50,759 [1] DEBUG Spring.Data.NHibernate.Support.OpenSessionInViewModule - Opening single Hibernate Session in SessionScope

2013-02-05 12:46:50,759 [1] DEBUG Spring.Data.NHibernate.Support.SessionScope+LazySessionHolder - Created LazySessionHolder

2013-02-05 12:46:51,540 [1] DEBUG Spring.Data.NHibernate.Support.OpenSessionInViewModule - Trying to close SessionScope

2013-02-05 12:46:51,540 [1] DEBUG Spring.Data.NHibernate.Support.OpenSessionInViewModule - Closing single Hibernate Session in SessionScope

2013-02-05 12:46:51,540 [1] DEBUG Spring.Data.NHibernate.Support.SessionScope+LazySessionHolder - Closed LazySessionHolder

2013-02-05 12:46:51,618 [1] DEBUG Spring.Data.NHibernate.Support.OpenSessionInViewModule - Opening single Hibernate Session in SessionScope

2013-02-05 12:46:51,618 [1] DEBUG Spring.Data.NHibernate.Support.SessionScope+LazySessionHolder - Created LazySessionHolder

2013-02-05 12:46:53,447 [1] DEBUG Spring.Data.NHibernate.Support.OpenSessionInViewModule - Trying to close SessionScope

2013-02-05 12:46:53,447 [1] DEBUG Spring.Data.NHibernate.Support.OpenSessionInViewModule - Closing single Hibernate Session in SessionScope

2013-02-05 12:46:53,447 [1] DEBUG Spring.Data.NHibernate.Support.SessionScope+LazySessionHolder - Closed LazySessionHolder

2013-02-05 12:46:53,572 [1] DEBUG Spring.Data.NHibernate.Support.OpenSessionInViewModule - Opening single Hibernate Session in SessionScope

2013-02-05 12:46:53,572 [1] DEBUG Spring.Data.NHibernate.Support.SessionScope+LazySessionHolder - Created LazySessionHolder

2013-02-05 12:46:53,681 [1] DEBUG Spring.Data.NHibernate.Support.OpenSessionInViewModule - Trying to close SessionScope

2013-02-05 12:46:53,681 [1] DEBUG Spring.Data.NHibernate.Support.OpenSessionInViewModule - Closing single Hibernate Session in SessionScope

2013-02-05 12:46:53,681 [1] DEBUG Spring.Data.NHibernate.Support.SessionScope+LazySessionHolder - Closed LazySessionHolder

2013-02-05 12:46:53,978 [1] DEBUG Spring.Data.NHibernate.Support.OpenSessionInViewModule - Opening single Hibernate Session in SessionScope

2013-02-05 12:46:53,978 [10] DEBUG Spring.Data.NHibernate.Support.OpenSessionInViewModule - Opening single Hibernate Session in SessionScope

2013-02-05 12:46:53,978 [9] DEBUG Spring.Data.NHibernate.Support.OpenSessionInViewModule - Opening single Hibernate Session in SessionScope

2013-02-05 12:46:53,978 [9] DEBUG Spring.Data.NHibernate.Support.SessionScope+LazySessionHolder - Created LazySessionHolder

2013-02-05 12:46:53,978 [1] DEBUG Spring.Data.NHibernate.Support.SessionScope+LazySessionHolder - Created LazySessionHolder

2013-02-05 12:46:53,978 [10] DEBUG Spring.Data.NHibernate.Support.SessionScope+LazySessionHolder - Created LazySessionHolder

2013-02-05 12:46:53,978 [1] DEBUG Spring.Data.NHibernate.Support.OpenSessionInViewModule - Trying to close SessionScope

2013-02-05 12:46:53,978 [9] DEBUG Spring.Data.NHibernate.Support.OpenSessionInViewModule - Trying to close SessionScope

2013-02-05 12:46:53,978 [9] DEBUG Spring.Data.NHibernate.Support.OpenSessionInViewModule - Closing single Hibernate Session in SessionScope

2013-02-05 12:46:53,978 [9] DEBUG Spring.Data.NHibernate.Support.SessionScope+LazySessionHolder - Closed LazySessionHolder

2013-02-05 12:46:53,978 [10] DEBUG Spring.Data.NHibernate.Support.OpenSessionInViewModule - Trying to close SessionScope

2013-02-05 12:46:53,978 [1] DEBUG Spring.Data.NHibernate.Support.OpenSessionInViewModule - Closing single Hibernate Session in SessionScope

2013-02-05 12:46:53,993 [10] DEBUG Spring.Data.NHibernate.Support.OpenSessionInViewModule - Closing single Hibernate Session in SessionScope

2013-02-05 12:46:53,993 [10] DEBUG Spring.Data.NHibernate.Support.SessionScope+LazySessionHolder - Closed LazySessionHolder

2013-02-05 12:46:53,993 [1] DEBUG Spring.Data.NHibernate.Support.SessionScope+LazySessionHolder - Closed LazySessionHolder

2013-02-05 12:46:54,134 [9] DEBUG Spring.Data.NHibernate.Support.OpenSessionInViewModule - Opening single Hibernate Session in SessionScope

2013-02-05 12:46:54,134 [9] DEBUG Spring.Data.NHibernate.Support.SessionScope+LazySessionHolder - Created LazySessionHolder

2013-02-05 12:46:54,134 [9] DEBUG Spring.Data.NHibernate.Support.OpenSessionInViewModule - Trying to close SessionScope

2013-02-05 12:46:54,134 [9] DEBUG Spring.Data.NHibernate.Support.OpenSessionInViewModule - Closing single Hibernate Session in SessionScope

2013-02-05 12:46:54,134 [9] DEBUG Spring.Data.NHibernate.Support.SessionScope+LazySessionHolder - Closed LazySessionHolder

