2012-11-15 10:29:22,921 [1] DEBUG Spring.Data.Common.DbProviderFactory - Loading additional DbProviders from assembly://NSH.Repository/NSH.Repository/SQLite1081.xml

2012-11-15 10:29:23,000 [1] INFO  Spring.Data.Common.DbProviderFactory - 47 DbProviders Available. [SqlServer-1.1,SqlServer-2.0,SqlServer-4.0,SqlServerCe-3.1,SqlServerCe-3.5.1,OleDb-1.1,OleDb-2.0,OleDb-4.0,OracleClient-2.0,OracleODP-2.0,OracleODP-11-2.0,MySql,MySql-1.0.9,MySql-5.0,MySql-5.0.8.1,MySql-5.1,MySql-5.1.4,MySql-5.2.3,MySql-6.1.3,MySql-6.2.2,Npgsql-1.0,Npgsql-2.0-beta1,Npgsql-2.0,DB2-9.0.0-1.1,DB2-9.0.0-2.0,DB2-9.1.0-1.1,DB2-9.1.0.2,iDB2-10.0.0.0,SQLite-1.0.43,SQLite-1.0.44,SQLite-1.0.47,SQLite-1.0.56,SQLite-1.0.65,SQLite-1.0.66,SQLite-1.0.72,Firebird-2.1,SybaseAse-12,SybaseAse-15,SybaseAse-AdoNet2,IfxOdbc,IfxSQLI-3.0.0.2,IfxDRDA-9.0.0.2,Odbc-1.1,Odbc-2.0,Odbc-4.0,Cache-2.0.0.1,SQLite-1.0.81]

2012-11-15 10:29:26,046 [1] INFO  Spring.Data.NHibernate.LocalSessionFactoryObject - Setting proxy factory to Spring provided one as user did not specify any

2012-11-15 10:29:27,250 [1] INFO  Spring.Data.NHibernate.LocalSessionFactoryObject - Building new Hibernate SessionFactory

2012-11-15 10:29:29,406 [1] DEBUG Spring.Data.NHibernate.Support.OpenSessionInViewModule - Opening single Hibernate Session in SessionScope

2012-11-15 10:29:29,406 [1] DEBUG Spring.Data.NHibernate.Support.SessionScope+LazySessionHolder - Created LazySessionHolder

2012-11-15 10:29:30,625 [1] DEBUG Spring.Data.NHibernate.Support.OpenSessionInViewModule - Trying to close SessionScope

2012-11-15 10:29:30,625 [1] DEBUG Spring.Data.NHibernate.Support.OpenSessionInViewModule - Closing single Hibernate Session in SessionScope

2012-11-15 10:29:30,625 [1] DEBUG Spring.Data.NHibernate.Support.SessionScope+LazySessionHolder - Closed LazySessionHolder

2012-11-15 10:29:30,718 [1] DEBUG Spring.Data.NHibernate.Support.OpenSessionInViewModule - Opening single Hibernate Session in SessionScope

2012-11-15 10:29:30,718 [1] DEBUG Spring.Data.NHibernate.Support.SessionScope+LazySessionHolder - Created LazySessionHolder

2012-11-15 10:29:31,046 [1] DEBUG Spring.Data.NHibernate.Support.OpenSessionInViewModule - Trying to close SessionScope

2012-11-15 10:29:31,046 [1] DEBUG Spring.Data.NHibernate.Support.OpenSessionInViewModule - Closing single Hibernate Session in SessionScope

2012-11-15 10:29:31,046 [1] DEBUG Spring.Data.NHibernate.Support.SessionScope+LazySessionHolder - Closed LazySessionHolder

2012-11-15 10:29:31,187 [1] DEBUG Spring.Data.NHibernate.Support.OpenSessionInViewModule - Opening single Hibernate Session in SessionScope

2012-11-15 10:29:31,187 [1] DEBUG Spring.Data.NHibernate.Support.SessionScope+LazySessionHolder - Created LazySessionHolder

2012-11-15 10:29:31,250 [1] DEBUG Spring.Data.NHibernate.Support.OpenSessionInViewModule - Trying to close SessionScope

2012-11-15 10:29:31,250 [1] DEBUG Spring.Data.NHibernate.Support.OpenSessionInViewModule - Closing single Hibernate Session in SessionScope

2012-11-15 10:29:31,250 [1] DEBUG Spring.Data.NHibernate.Support.SessionScope+LazySessionHolder - Closed LazySessionHolder

2012-11-15 10:29:31,593 [1] DEBUG Spring.Data.NHibernate.Support.OpenSessionInViewModule - Opening single Hibernate Session in SessionScope

2012-11-15 10:29:31,593 [1] DEBUG Spring.Data.NHibernate.Support.SessionScope+LazySessionHolder - Created LazySessionHolder

2012-11-15 10:29:31,593 [1] DEBUG Spring.Data.NHibernate.Support.OpenSessionInViewModule - Trying to close SessionScope

2012-11-15 10:29:31,593 [1] DEBUG Spring.Data.NHibernate.Support.OpenSessionInViewModule - Closing single Hibernate Session in SessionScope

2012-11-15 10:29:31,609 [1] DEBUG Spring.Data.NHibernate.Support.SessionScope+LazySessionHolder - Closed LazySessionHolder

2012-11-15 10:29:31,625 [5] DEBUG Spring.Data.NHibernate.Support.OpenSessionInViewModule - Opening single Hibernate Session in SessionScope

2012-11-15 10:29:31,625 [5] DEBUG Spring.Data.NHibernate.Support.SessionScope+LazySessionHolder - Created LazySessionHolder

2012-11-15 10:29:31,625 [5] DEBUG Spring.Data.NHibernate.Support.OpenSessionInViewModule - Trying to close SessionScope

2012-11-15 10:29:31,625 [5] DEBUG Spring.Data.NHibernate.Support.OpenSessionInViewModule - Closing single Hibernate Session in SessionScope

2012-11-15 10:29:31,640 [5] DEBUG Spring.Data.NHibernate.Support.SessionScope+LazySessionHolder - Closed LazySessionHolder

2012-11-15 10:29:31,593 [7] DEBUG Spring.Data.NHibernate.Support.OpenSessionInViewModule - Opening single Hibernate Session in SessionScope

2012-11-15 10:29:31,656 [7] DEBUG Spring.Data.NHibernate.Support.SessionScope+LazySessionHolder - Created LazySessionHolder

2012-11-15 10:29:31,671 [7] DEBUG Spring.Data.NHibernate.Support.OpenSessionInViewModule - Trying to close SessionScope

2012-11-15 10:29:31,671 [7] DEBUG Spring.Data.NHibernate.Support.OpenSessionInViewModule - Closing single Hibernate Session in SessionScope

2012-11-15 10:29:31,671 [7] DEBUG Spring.Data.NHibernate.Support.SessionScope+LazySessionHolder - Closed LazySessionHolder

2012-11-15 10:29:31,843 [5] DEBUG Spring.Data.NHibernate.Support.OpenSessionInViewModule - Opening single Hibernate Session in SessionScope

2012-11-15 10:29:31,843 [5] DEBUG Spring.Data.NHibernate.Support.SessionScope+LazySessionHolder - Created LazySessionHolder

2012-11-15 10:29:31,875 [5] DEBUG Spring.Data.NHibernate.Support.OpenSessionInViewModule - Trying to close SessionScope

2012-11-15 10:29:31,875 [5] DEBUG Spring.Data.NHibernate.Support.OpenSessionInViewModule - Closing single Hibernate Session in SessionScope

2012-11-15 10:29:31,875 [5] DEBUG Spring.Data.NHibernate.Support.SessionScope+LazySessionHolder - Closed LazySessionHolder

2012-11-15 14:34:20,860 [5] DEBUG Spring.Data.NHibernate.Support.OpenSessionInViewModule - Opening single Hibernate Session in SessionScope

2012-11-15 14:34:20,923 [5] DEBUG Spring.Data.NHibernate.Support.SessionScope+LazySessionHolder - Created LazySessionHolder

2012-11-15 14:34:20,923 [5] DEBUG Spring.Data.NHibernate.Support.OpenSessionInViewModule - Trying to close SessionScope

2012-11-15 14:34:20,923 [5] DEBUG Spring.Data.NHibernate.Support.OpenSessionInViewModule - Closing single Hibernate Session in SessionScope

2012-11-15 14:34:20,923 [5] DEBUG Spring.Data.NHibernate.Support.SessionScope+LazySessionHolder - Closed LazySessionHolder

2012-11-15 14:34:21,017 [5] DEBUG Spring.Data.NHibernate.Support.OpenSessionInViewModule - Opening single Hibernate Session in SessionScope

2012-11-15 14:34:21,017 [5] DEBUG Spring.Data.NHibernate.Support.SessionScope+LazySessionHolder - Created LazySessionHolder

2012-11-15 14:34:21,063 [5] DEBUG Spring.Data.NHibernate.Support.OpenSessionInViewModule - Trying to close SessionScope

2012-11-15 14:34:21,079 [5] DEBUG Spring.Data.NHibernate.Support.OpenSessionInViewModule - Closing single Hibernate Session in SessionScope

2012-11-15 14:34:21,079 [5] DEBUG Spring.Data.NHibernate.Support.SessionScope+LazySessionHolder - Closed LazySessionHolder

2012-11-15 14:34:26,610 [5] DEBUG Spring.Data.NHibernate.Support.OpenSessionInViewModule - Opening single Hibernate Session in SessionScope

2012-11-15 14:34:26,610 [5] DEBUG Spring.Data.NHibernate.Support.SessionScope+LazySessionHolder - Created LazySessionHolder

2012-11-15 14:34:26,657 [5] DEBUG Spring.Data.NHibernate.Support.OpenSessionInViewModule - Trying to close SessionScope

2012-11-15 14:34:26,657 [5] DEBUG Spring.Data.NHibernate.Support.OpenSessionInViewModule - Closing single Hibernate Session in SessionScope

2012-11-15 14:34:26,657 [5] DEBUG Spring.Data.NHibernate.Support.SessionScope+LazySessionHolder - Closed LazySessionHolder

2012-11-15 14:34:26,798 [5] DEBUG Spring.Data.NHibernate.Support.OpenSessionInViewModule - Opening single Hibernate Session in SessionScope

2012-11-15 14:34:26,813 [5] DEBUG Spring.Data.NHibernate.Support.SessionScope+LazySessionHolder - Created LazySessionHolder

2012-11-15 14:34:26,891 [1] DEBUG Spring.Data.NHibernate.Support.OpenSessionInViewModule - Opening single Hibernate Session in SessionScope

2012-11-15 14:34:26,923 [1] DEBUG Spring.Data.NHibernate.Support.SessionScope+LazySessionHolder - Created LazySessionHolder

2012-11-15 14:34:26,923 [5] DEBUG Spring.Data.NHibernate.Support.OpenSessionInViewModule - Trying to close SessionScope

2012-11-15 14:34:26,923 [5] DEBUG Spring.Data.NHibernate.Support.OpenSessionInViewModule - Closing single Hibernate Session in SessionScope

2012-11-15 14:34:26,923 [5] DEBUG Spring.Data.NHibernate.Support.SessionScope+LazySessionHolder - Closed LazySessionHolder

2012-11-15 14:34:26,938 [5] DEBUG Spring.Data.NHibernate.Support.OpenSessionInViewModule - Opening single Hibernate Session in SessionScope

2012-11-15 14:34:26,938 [5] DEBUG Spring.Data.NHibernate.Support.SessionScope+LazySessionHolder - Created LazySessionHolder

2012-11-15 14:34:26,938 [5] DEBUG Spring.Data.NHibernate.Support.OpenSessionInViewModule - Trying to close SessionScope

2012-11-15 14:34:26,938 [5] DEBUG Spring.Data.NHibernate.Support.OpenSessionInViewModule - Closing single Hibernate Session in SessionScope

2012-11-15 14:34:26,938 [5] DEBUG Spring.Data.NHibernate.Support.SessionScope+LazySessionHolder - Closed LazySessionHolder

2012-11-15 14:34:26,970 [1] DEBUG Spring.Data.NHibernate.Support.OpenSessionInViewModule - Trying to close SessionScope

2012-11-15 14:34:26,970 [1] DEBUG Spring.Data.NHibernate.Support.OpenSessionInViewModule - Closing single Hibernate Session in SessionScope

2012-11-15 14:34:26,970 [1] DEBUG Spring.Data.NHibernate.Support.SessionScope+LazySessionHolder - Closed LazySessionHolder

2012-11-15 14:34:27,095 [5] DEBUG Spring.Data.NHibernate.Support.OpenSessionInViewModule - Opening single Hibernate Session in SessionScope

2012-11-15 14:34:27,095 [5] DEBUG Spring.Data.NHibernate.Support.SessionScope+LazySessionHolder - Created LazySessionHolder

2012-11-15 14:34:27,126 [5] DEBUG Spring.Data.NHibernate.Support.OpenSessionInViewModule - Trying to close SessionScope

2012-11-15 14:34:27,126 [5] DEBUG Spring.Data.NHibernate.Support.OpenSessionInViewModule - Closing single Hibernate Session in SessionScope

2012-11-15 14:34:27,126 [5] DEBUG Spring.Data.NHibernate.Support.SessionScope+LazySessionHolder - Closed LazySessionHolder

2012-11-15 14:34:27,251 [5] DEBUG Spring.Data.NHibernate.Support.OpenSessionInViewModule - Opening single Hibernate Session in SessionScope

2012-11-15 14:34:27,251 [5] DEBUG Spring.Data.NHibernate.Support.SessionScope+LazySessionHolder - Created LazySessionHolder

2012-11-15 14:34:27,251 [5] DEBUG Spring.Data.NHibernate.Support.OpenSessionInViewModule - Trying to close SessionScope

2012-11-15 14:34:27,251 [5] DEBUG Spring.Data.NHibernate.Support.OpenSessionInViewModule - Closing single Hibernate Session in SessionScope

2012-11-15 14:34:27,251 [5] DEBUG Spring.Data.NHibernate.Support.SessionScope+LazySessionHolder - Closed LazySessionHolder

2012-11-15 14:35:08,391 [5] DEBUG Spring.Data.NHibernate.Support.OpenSessionInViewModule - Opening single Hibernate Session in SessionScope

2012-11-15 14:35:08,391 [5] DEBUG Spring.Data.NHibernate.Support.SessionScope+LazySessionHolder - Created LazySessionHolder

2012-11-15 14:35:08,391 [5] DEBUG Spring.Data.NHibernate.Support.OpenSessionInViewModule - Trying to close SessionScope

2012-11-15 14:35:08,391 [5] DEBUG Spring.Data.NHibernate.Support.OpenSessionInViewModule - Closing single Hibernate Session in SessionScope

2012-11-15 14:35:08,391 [5] DEBUG Spring.Data.NHibernate.Support.SessionScope+LazySessionHolder - Closed LazySessionHolder

2012-11-15 14:35:08,578 [5] DEBUG Spring.Data.NHibernate.Support.OpenSessionInViewModule - Opening single Hibernate Session in SessionScope

2012-11-15 14:35:08,578 [5] DEBUG Spring.Data.NHibernate.Support.SessionScope+LazySessionHolder - Created LazySessionHolder

2012-11-15 14:35:08,578 [1] DEBUG Spring.Data.NHibernate.Support.OpenSessionInViewModule - Opening single Hibernate Session in SessionScope

2012-11-15 14:35:08,578 [5] DEBUG Spring.Data.NHibernate.Support.OpenSessionInViewModule - Trying to close SessionScope

2012-11-15 14:35:08,594 [1] DEBUG Spring.Data.NHibernate.Support.SessionScope+LazySessionHolder - Created LazySessionHolder

2012-11-15 14:35:08,625 [5] DEBUG Spring.Data.NHibernate.Support.OpenSessionInViewModule - Closing single Hibernate Session in SessionScope

2012-11-15 14:35:08,625 [5] DEBUG Spring.Data.NHibernate.Support.SessionScope+LazySessionHolder - Closed LazySessionHolder

2012-11-15 14:35:08,625 [1] DEBUG Spring.Data.NHibernate.Support.OpenSessionInViewModule - Trying to close SessionScope

2012-11-15 14:35:08,625 [1] DEBUG Spring.Data.NHibernate.Support.OpenSessionInViewModule - Closing single Hibernate Session in SessionScope

2012-11-15 14:35:08,625 [1] DEBUG Spring.Data.NHibernate.Support.SessionScope+LazySessionHolder - Closed LazySessionHolder

2012-11-15 14:35:08,625 [5] DEBUG Spring.Data.NHibernate.Support.OpenSessionInViewModule - Opening single Hibernate Session in SessionScope

2012-11-15 14:35:08,641 [5] DEBUG Spring.Data.NHibernate.Support.SessionScope+LazySessionHolder - Created LazySessionHolder

2012-11-15 14:35:08,641 [5] DEBUG Spring.Data.NHibernate.Support.OpenSessionInViewModule - Trying to close SessionScope

2012-11-15 14:35:08,641 [5] DEBUG Spring.Data.NHibernate.Support.OpenSessionInViewModule - Closing single Hibernate Session in SessionScope

2012-11-15 14:35:08,641 [5] DEBUG Spring.Data.NHibernate.Support.SessionScope+LazySessionHolder - Closed LazySessionHolder

2012-11-15 14:35:10,750 [5] DEBUG Spring.Data.NHibernate.Support.OpenSessionInViewModule - Opening single Hibernate Session in SessionScope

2012-11-15 14:35:10,750 [5] DEBUG Spring.Data.NHibernate.Support.SessionScope+LazySessionHolder - Created LazySessionHolder

2012-11-15 14:35:10,750 [5] DEBUG Spring.Data.NHibernate.Support.OpenSessionInViewModule - Trying to close SessionScope

2012-11-15 14:35:10,766 [5] DEBUG Spring.Data.NHibernate.Support.OpenSessionInViewModule - Closing single Hibernate Session in SessionScope

2012-11-15 14:35:10,766 [5] DEBUG Spring.Data.NHibernate.Support.SessionScope+LazySessionHolder - Closed LazySessionHolder

2012-11-15 14:35:11,797 [5] DEBUG Spring.Data.NHibernate.Support.OpenSessionInViewModule - Opening single Hibernate Session in SessionScope

2012-11-15 14:35:11,797 [5] DEBUG Spring.Data.NHibernate.Support.SessionScope+LazySessionHolder - Created LazySessionHolder

2012-11-15 14:35:11,797 [5] DEBUG Spring.Data.NHibernate.Support.OpenSessionInViewModule - Trying to close SessionScope

2012-11-15 14:35:11,797 [5] DEBUG Spring.Data.NHibernate.Support.OpenSessionInViewModule - Closing single Hibernate Session in SessionScope

2012-11-15 14:35:11,797 [5] DEBUG Spring.Data.NHibernate.Support.SessionScope+LazySessionHolder - Closed LazySessionHolder

2012-11-15 14:35:55,234 [5] DEBUG Spring.Data.NHibernate.Support.OpenSessionInViewModule - Opening single Hibernate Session in SessionScope

2012-11-15 14:35:55,234 [5] DEBUG Spring.Data.NHibernate.Support.SessionScope+LazySessionHolder - Created LazySessionHolder

2012-11-15 14:35:55,234 [5] DEBUG Spring.Data.NHibernate.Support.OpenSessionInViewModule - Trying to close SessionScope

2012-11-15 14:35:55,234 [5] DEBUG Spring.Data.NHibernate.Support.OpenSessionInViewModule - Closing single Hibernate Session in SessionScope

2012-11-15 14:35:55,234 [5] DEBUG Spring.Data.NHibernate.Support.SessionScope+LazySessionHolder - Closed LazySessionHolder

2012-11-15 14:35:55,390 [5] DEBUG Spring.Data.NHibernate.Support.OpenSessionInViewModule - Opening single Hibernate Session in SessionScope

2012-11-15 14:35:55,390 [5] DEBUG Spring.Data.NHibernate.Support.SessionScope+LazySessionHolder - Created LazySessionHolder

2012-11-15 14:35:55,390 [1] DEBUG Spring.Data.NHibernate.Support.OpenSessionInViewModule - Opening single Hibernate Session in SessionScope

2012-11-15 14:35:55,390 [1] DEBUG Spring.Data.NHibernate.Support.SessionScope+LazySessionHolder - Created LazySessionHolder

2012-11-15 14:35:55,390 [5] DEBUG Spring.Data.NHibernate.Support.OpenSessionInViewModule - Trying to close SessionScope

2012-11-15 14:35:55,406 [5] DEBUG Spring.Data.NHibernate.Support.OpenSessionInViewModule - Closing single Hibernate Session in SessionScope

2012-11-15 14:35:55,406 [5] DEBUG Spring.Data.NHibernate.Support.SessionScope+LazySessionHolder - Closed LazySessionHolder

2012-11-15 14:35:55,390 [1] DEBUG Spring.Data.NHibernate.Support.OpenSessionInViewModule - Trying to close SessionScope

2012-11-15 14:35:55,406 [1] DEBUG Spring.Data.NHibernate.Support.OpenSessionInViewModule - Closing single Hibernate Session in SessionScope

2012-11-15 14:35:55,406 [1] DEBUG Spring.Data.NHibernate.Support.SessionScope+LazySessionHolder - Closed LazySessionHolder

2012-11-15 14:35:55,406 [5] DEBUG Spring.Data.NHibernate.Support.OpenSessionInViewModule - Opening single Hibernate Session in SessionScope

2012-11-15 14:35:55,406 [5] DEBUG Spring.Data.NHibernate.Support.SessionScope+LazySessionHolder - Created LazySessionHolder

2012-11-15 14:35:55,406 [5] DEBUG Spring.Data.NHibernate.Support.OpenSessionInViewModule - Trying to close SessionScope

2012-11-15 14:35:55,406 [5] DEBUG Spring.Data.NHibernate.Support.OpenSessionInViewModule - Closing single Hibernate Session in SessionScope

2012-11-15 14:35:55,406 [5] DEBUG Spring.Data.NHibernate.Support.SessionScope+LazySessionHolder - Closed LazySessionHolder

2012-11-15 14:35:57,515 [5] DEBUG Spring.Data.NHibernate.Support.OpenSessionInViewModule - Opening single Hibernate Session in SessionScope

2012-11-15 14:35:57,515 [5] DEBUG Spring.Data.NHibernate.Support.SessionScope+LazySessionHolder - Created LazySessionHolder

2012-11-15 14:35:57,515 [5] DEBUG Spring.Data.NHibernate.Support.OpenSessionInViewModule - Trying to close SessionScope

2012-11-15 14:35:57,515 [5] DEBUG Spring.Data.NHibernate.Support.OpenSessionInViewModule - Closing single Hibernate Session in SessionScope

2012-11-15 14:35:57,515 [5] DEBUG Spring.Data.NHibernate.Support.SessionScope+LazySessionHolder - Closed LazySessionHolder

2012-11-15 14:35:58,468 [5] DEBUG Spring.Data.NHibernate.Support.OpenSessionInViewModule - Opening single Hibernate Session in SessionScope

2012-11-15 14:35:58,468 [5] DEBUG Spring.Data.NHibernate.Support.SessionScope+LazySessionHolder - Created LazySessionHolder

2012-11-15 14:35:58,468 [5] DEBUG Spring.Data.NHibernate.Support.OpenSessionInViewModule - Trying to close SessionScope

2012-11-15 14:35:58,468 [5] DEBUG Spring.Data.NHibernate.Support.OpenSessionInViewModule - Closing single Hibernate Session in SessionScope

2012-11-15 14:35:58,468 [5] DEBUG Spring.Data.NHibernate.Support.SessionScope+LazySessionHolder - Closed LazySessionHolder

2012-11-15 14:36:56,858 [1] DEBUG Spring.Data.NHibernate.Support.OpenSessionInViewModule - Opening single Hibernate Session in SessionScope

2012-11-15 14:36:56,858 [1] DEBUG Spring.Data.NHibernate.Support.SessionScope+LazySessionHolder - Created LazySessionHolder

2012-11-15 14:36:56,858 [1] DEBUG Spring.Data.NHibernate.Support.OpenSessionInViewModule - Trying to close SessionScope

2012-11-15 14:36:56,858 [1] DEBUG Spring.Data.NHibernate.Support.OpenSessionInViewModule - Closing single Hibernate Session in SessionScope

2012-11-15 14:36:56,858 [1] DEBUG Spring.Data.NHibernate.Support.SessionScope+LazySessionHolder - Closed LazySessionHolder

2012-11-15 14:36:57,015 [1] DEBUG Spring.Data.NHibernate.Support.OpenSessionInViewModule - Opening single Hibernate Session in SessionScope

2012-11-15 14:36:57,015 [1] DEBUG Spring.Data.NHibernate.Support.SessionScope+LazySessionHolder - Created LazySessionHolder

2012-11-15 14:36:57,015 [1] DEBUG Spring.Data.NHibernate.Support.OpenSessionInViewModule - Trying to close SessionScope

2012-11-15 14:36:57,015 [1] DEBUG Spring.Data.NHibernate.Support.OpenSessionInViewModule - Closing single Hibernate Session in SessionScope

2012-11-15 14:36:57,015 [1] DEBUG Spring.Data.NHibernate.Support.SessionScope+LazySessionHolder - Closed LazySessionHolder

2012-11-15 14:36:57,015 [5] DEBUG Spring.Data.NHibernate.Support.OpenSessionInViewModule - Opening single Hibernate Session in SessionScope

2012-11-15 14:36:57,030 [5] DEBUG Spring.Data.NHibernate.Support.SessionScope+LazySessionHolder - Created LazySessionHolder

2012-11-15 14:36:57,015 [1] DEBUG Spring.Data.NHibernate.Support.OpenSessionInViewModule - Opening single Hibernate Session in SessionScope

2012-11-15 14:36:57,030 [1] DEBUG Spring.Data.NHibernate.Support.SessionScope+LazySessionHolder - Created LazySessionHolder

2012-11-15 14:36:57,030 [5] DEBUG Spring.Data.NHibernate.Support.OpenSessionInViewModule - Trying to close SessionScope

2012-11-15 14:36:57,030 [5] DEBUG Spring.Data.NHibernate.Support.OpenSessionInViewModule - Closing single Hibernate Session in SessionScope

2012-11-15 14:36:57,030 [5] DEBUG Spring.Data.NHibernate.Support.SessionScope+LazySessionHolder - Closed LazySessionHolder

2012-11-15 14:36:57,030 [1] DEBUG Spring.Data.NHibernate.Support.OpenSessionInViewModule - Trying to close SessionScope

2012-11-15 14:36:57,030 [1] DEBUG Spring.Data.NHibernate.Support.OpenSessionInViewModule - Closing single Hibernate Session in SessionScope

2012-11-15 14:36:57,030 [1] DEBUG Spring.Data.NHibernate.Support.SessionScope+LazySessionHolder - Closed LazySessionHolder

2012-11-15 14:36:59,327 [1] DEBUG Spring.Data.NHibernate.Support.OpenSessionInViewModule - Opening single Hibernate Session in SessionScope

2012-11-15 14:36:59,327 [1] DEBUG Spring.Data.NHibernate.Support.SessionScope+LazySessionHolder - Created LazySessionHolder

2012-11-15 14:36:59,343 [1] DEBUG Spring.Data.NHibernate.Support.OpenSessionInViewModule - Trying to close SessionScope

2012-11-15 14:36:59,343 [1] DEBUG Spring.Data.NHibernate.Support.OpenSessionInViewModule - Closing single Hibernate Session in SessionScope

2012-11-15 14:36:59,343 [1] DEBUG Spring.Data.NHibernate.Support.SessionScope+LazySessionHolder - Closed LazySessionHolder

2012-11-15 14:37:00,327 [1] DEBUG Spring.Data.NHibernate.Support.OpenSessionInViewModule - Opening single Hibernate Session in SessionScope

2012-11-15 14:37:00,327 [1] DEBUG Spring.Data.NHibernate.Support.SessionScope+LazySessionHolder - Created LazySessionHolder

2012-11-15 14:37:00,327 [1] DEBUG Spring.Data.NHibernate.Support.OpenSessionInViewModule - Trying to close SessionScope

2012-11-15 14:37:00,343 [1] DEBUG Spring.Data.NHibernate.Support.OpenSessionInViewModule - Closing single Hibernate Session in SessionScope

2012-11-15 14:37:00,343 [1] DEBUG Spring.Data.NHibernate.Support.SessionScope+LazySessionHolder - Closed LazySessionHolder

2012-11-15 15:04:56,945 [1] DEBUG Spring.Data.NHibernate.Support.OpenSessionInViewModule - Opening single Hibernate Session in SessionScope

2012-11-15 15:04:56,945 [5] DEBUG Spring.Data.NHibernate.Support.OpenSessionInViewModule - Opening single Hibernate Session in SessionScope

2012-11-15 15:04:56,945 [5] DEBUG Spring.Data.NHibernate.Support.SessionScope+LazySessionHolder - Created LazySessionHolder

2012-11-15 15:04:56,945 [1] DEBUG Spring.Data.NHibernate.Support.SessionScope+LazySessionHolder - Created LazySessionHolder

2012-11-15 15:04:56,960 [5] DEBUG Spring.Data.NHibernate.Support.OpenSessionInViewModule - Trying to close SessionScope

2012-11-15 15:04:56,960 [5] DEBUG Spring.Data.NHibernate.Support.OpenSessionInViewModule - Closing single Hibernate Session in SessionScope

2012-11-15 15:04:56,976 [5] DEBUG Spring.Data.NHibernate.Support.SessionScope+LazySessionHolder - Closed LazySessionHolder

2012-11-15 15:04:56,960 [1] DEBUG Spring.Data.NHibernate.Support.OpenSessionInViewModule - Trying to close SessionScope

2012-11-15 15:04:56,976 [1] DEBUG Spring.Data.NHibernate.Support.OpenSessionInViewModule - Closing single Hibernate Session in SessionScope

2012-11-15 15:04:56,976 [1] DEBUG Spring.Data.NHibernate.Support.SessionScope+LazySessionHolder - Closed LazySessionHolder

2012-11-15 15:24:03,031 [1] DEBUG Spring.Data.NHibernate.Support.OpenSessionInViewModule - Opening single Hibernate Session in SessionScope

2012-11-15 15:24:03,031 [1] DEBUG Spring.Data.NHibernate.Support.SessionScope+LazySessionHolder - Created LazySessionHolder

2012-11-15 15:24:03,031 [5] DEBUG Spring.Data.NHibernate.Support.OpenSessionInViewModule - Opening single Hibernate Session in SessionScope

2012-11-15 15:24:03,031 [5] DEBUG Spring.Data.NHibernate.Support.SessionScope+LazySessionHolder - Created LazySessionHolder

2012-11-15 15:24:03,031 [1] DEBUG Spring.Data.NHibernate.Support.OpenSessionInViewModule - Trying to close SessionScope

2012-11-15 15:24:03,031 [1] DEBUG Spring.Data.NHibernate.Support.OpenSessionInViewModule - Closing single Hibernate Session in SessionScope

2012-11-15 15:24:03,046 [1] DEBUG Spring.Data.NHibernate.Support.SessionScope+LazySessionHolder - Closed LazySessionHolder

2012-11-15 15:24:03,031 [5] DEBUG Spring.Data.NHibernate.Support.OpenSessionInViewModule - Trying to close SessionScope

2012-11-15 15:24:03,046 [5] DEBUG Spring.Data.NHibernate.Support.OpenSessionInViewModule - Closing single Hibernate Session in SessionScope

2012-11-15 15:24:03,046 [5] DEBUG Spring.Data.NHibernate.Support.SessionScope+LazySessionHolder - Closed LazySessionHolder

2012-11-15 15:30:44,322 [5] DEBUG Spring.Data.NHibernate.Support.OpenSessionInViewModule - Opening single Hibernate Session in SessionScope

2012-11-15 15:30:44,322 [5] DEBUG Spring.Data.NHibernate.Support.SessionScope+LazySessionHolder - Created LazySessionHolder

2012-11-15 15:30:44,338 [5] DEBUG Spring.Data.NHibernate.Support.OpenSessionInViewModule - Trying to close SessionScope

2012-11-15 15:30:44,338 [5] DEBUG Spring.Data.NHibernate.Support.OpenSessionInViewModule - Closing single Hibernate Session in SessionScope

2012-11-15 15:30:44,338 [5] DEBUG Spring.Data.NHibernate.Support.SessionScope+LazySessionHolder - Closed LazySessionHolder

2012-11-15 15:30:44,369 [1] DEBUG Spring.Data.NHibernate.Support.OpenSessionInViewModule - Opening single Hibernate Session in SessionScope

2012-11-15 15:30:44,369 [1] DEBUG Spring.Data.NHibernate.Support.SessionScope+LazySessionHolder - Created LazySessionHolder

2012-11-15 15:30:44,385 [1] DEBUG Spring.Data.NHibernate.Support.OpenSessionInViewModule - Trying to close SessionScope

2012-11-15 15:30:44,385 [1] DEBUG Spring.Data.NHibernate.Support.OpenSessionInViewModule - Closing single Hibernate Session in SessionScope

2012-11-15 15:30:44,385 [1] DEBUG Spring.Data.NHibernate.Support.SessionScope+LazySessionHolder - Closed LazySessionHolder

